Determining if the pthread_create exist failed with the following output:
Change Dir: /home/utec/ros_ws/src/rbdl/build/CMakeFiles/CMakeTmp

Run Build Command:"/usr/bin/make" "cmTC_790c1/fast"
/usr/bin/make -f CMakeFiles/cmTC_790c1.dir/build.make CMakeFiles/cmTC_790c1.dir/build
make[1]: se entra en el directorio '/home/utec/ros_ws/src/rbdl/build/CMakeFiles/CMakeTmp'
Building C object CMakeFiles/cmTC_790c1.dir/CheckSymbolExists.c.o
/usr/bin/cc    -o CMakeFiles/cmTC_790c1.dir/CheckSymbolExists.c.o   -c /home/utec/ros_ws/src/rbdl/build/CMakeFiles/CMakeTmp/CheckSymbolExists.c
Linking C executable cmTC_790c1
/usr/bin/cmake -E cmake_link_script CMakeFiles/cmTC_790c1.dir/link.txt --verbose=1
/usr/bin/cc      -rdynamic CMakeFiles/cmTC_790c1.dir/CheckSymbolExists.c.o  -o cmTC_790c1 
CMakeFiles/cmTC_790c1.dir/CheckSymbolExists.c.o: En la función `main':
CheckSymbolExists.c:(.text+0x1b): referencia a `pthread_create' sin definir
collect2: error: ld returned 1 exit status
CMakeFiles/cmTC_790c1.dir/build.make:97: recipe for target 'cmTC_790c1' failed
make[1]: *** [cmTC_790c1] Error 1
make[1]: se sale del directorio '/home/utec/ros_ws/src/rbdl/build/CMakeFiles/CMakeTmp'
Makefile:126: recipe for target 'cmTC_790c1/fast' failed
make: *** [cmTC_790c1/fast] Error 2

File /home/utec/ros_ws/src/rbdl/build/CMakeFiles/CMakeTmp/CheckSymbolExists.c:
/* */
#include <pthread.h>

int main(int argc, char** argv)
{
  (void)argv;
#ifndef pthread_create
  return ((int*)(&pthread_create))[argc];
#else
  (void)argc;
  return 0;
#endif
}

Determining if the function pthread_create exists in the pthreads failed with the following output:
Change Dir: /home/utec/ros_ws/src/rbdl/build/CMakeFiles/CMakeTmp

Run Build Command:"/usr/bin/make" "cmTC_b5535/fast"
/usr/bin/make -f CMakeFiles/cmTC_b5535.dir/build.make CMakeFiles/cmTC_b5535.dir/build
make[1]: se entra en el directorio '/home/utec/ros_ws/src/rbdl/build/CMakeFiles/CMakeTmp'
Building C object CMakeFiles/cmTC_b5535.dir/CheckFunctionExists.c.o
/usr/bin/cc   -DCHECK_FUNCTION_EXISTS=pthread_create   -o CMakeFiles/cmTC_b5535.dir/CheckFunctionExists.c.o   -c /usr/share/cmake-3.10/Modules/CheckFunctionExists.c
Linking C executable cmTC_b5535
/usr/bin/cmake -E cmake_link_script CMakeFiles/cmTC_b5535.dir/link.txt --verbose=1
/usr/bin/cc  -DCHECK_FUNCTION_EXISTS=pthread_create    -rdynamic CMakeFiles/cmTC_b5535.dir/CheckFunctionExists.c.o  -o cmTC_b5535 -lpthreads 
/usr/bin/ld: no se puede encontrar -lpthreads
collect2: error: ld returned 1 exit status
CMakeFiles/cmTC_b5535.dir/build.make:97: recipe for target 'cmTC_b5535' failed
make[1]: *** [cmTC_b5535] Error 1
make[1]: se sale del directorio '/home/utec/ros_ws/src/rbdl/build/CMakeFiles/CMakeTmp'
Makefile:126: recipe for target 'cmTC_b5535/fast' failed
make: *** [cmTC_b5535/fast] Error 2


